14:09:28,126 INFO cz.cuni.mff.spl.Run - Scanning project and building code ... 
14:09:28,147 INFO Build - Obtaining and scanning main revision of the main project.
14:09:28,677 DEBUG Build - Checked out revision [sourceRelative][this][] into [.spl/temporary/build-0/sourceCode/revision-0].
14:09:30,126 DEBUG Build - Executed build command [sh -c ant].
14:09:30,127 INFO Build - Project obtained.
14:09:30,135 DEBUG cz.cuni.mff.spl.scanner.Scanner - Start initialization
14:09:30,135 DEBUG cz.cuni.mff.spl.scanner.Scanner - Converting configuration file..
14:09:30,143 DEBUG cz.cuni.mff.spl.scanner.Scanner - Converting finished.
14:09:30,145 DEBUG cz.cuni.mff.spl.scanner.Scanner - Initialization completed.
14:09:30,145 DEBUG cz.cuni.mff.spl.scanner.Scanner - Scanning ..
14:09:30,145 DEBUG cz.cuni.mff.spl.scanner.Scanner - Scanning classes matching patterns :
14:09:30,145 DEBUG cz.cuni.mff.spl.scanner.Scanner -   main.**
14:09:30,231 DEBUG cz.cuni.mff.spl.scanner.Scanner - Scanning method 'main' of class 'main.Measurement'
14:09:30,245 DEBUG cz.cuni.mff.spl.scanner.Scanner - Scan complete.
14:09:30,246 INFO Build - Project scanned.
14:09:30,277 INFO Build - Obtaining code for resolving ids to check if to load or perform measurements [2].
14:09:30,277 INFO Build - Repositories to possibly access [2].
14:09:30,278 INFO Build - Revisions to possibly checkout [2].
14:09:30,280 INFO Build - [1/2] - Will measure.
14:09:30,282 INFO Build - [2/2] - Will measure.
14:09:30,282 INFO Build - Data will be loaded for measurements [0].
14:09:30,283 INFO Build - Skipping measurements due to missing code [0].
14:09:30,284 INFO Build - Creating samplers for measurements [2].
14:09:30,290 ERROR Build - Failed to create runtime for measurement [#7eac213e|local|THIS@/Users/lottiecarruthers/Documents/Masters/Project/HelloWorldSPL/output/.spl/temporary/build-0/sourceCode/revision-0-20160701140928:main.HelloWorld#hello4()[THIS@/Users/lottiecarruthers/Documents/Masters/Project/HelloWorldSPL/output/.spl/temporary/build-0/sourceCode/revision-0-20160701140928:main.StringGenerator#generate()](10)].
cz.cuni.mff.spl.deploy.build.exception.BuildException: Found no method to satisfy declaration: [THIS@HEAD:main.HelloWorld#hello4()]
	at cz.cuni.mff.spl.deploy.build.Assembler.selectMethodToCall(Assembler.java:316)
	at cz.cuni.mff.spl.deploy.build.Assembler.getKinds(Assembler.java:251)
	at cz.cuni.mff.spl.deploy.build.Assembler.call(Assembler.java:482)
	at cz.cuni.mff.spl.deploy.build.Builder.buildSampler(Builder.java:213)
	at cz.cuni.mff.spl.deploy.build.Builder.call(Builder.java:318)
	at cz.cuni.mff.spl.Run.build(Run.java:477)
	at cz.cuni.mff.spl.Run.run(Run.java:371)
	at cz.cuni.mff.spl.Main.main(Main.java:137)

14:09:30,292 INFO Build - [1/2].
14:09:30,295 ERROR Build - Failed to create runtime for measurement [#b3925c7f|local|THIS@/Users/lottiecarruthers/Documents/Masters/Project/HelloWorldSPL/output/.spl/temporary/build-0/sourceCode/revision-0-20160701140928:main.HelloWorld#hello5()[THIS@/Users/lottiecarruthers/Documents/Masters/Project/HelloWorldSPL/output/.spl/temporary/build-0/sourceCode/revision-0-20160701140928:main.StringGenerator#generate()](10)].
cz.cuni.mff.spl.deploy.build.exception.BuildException: Found no method to satisfy declaration: [THIS@HEAD:main.HelloWorld#hello5()]
	at cz.cuni.mff.spl.deploy.build.Assembler.selectMethodToCall(Assembler.java:316)
	at cz.cuni.mff.spl.deploy.build.Assembler.getKinds(Assembler.java:251)
	at cz.cuni.mff.spl.deploy.build.Assembler.call(Assembler.java:482)
	at cz.cuni.mff.spl.deploy.build.Builder.buildSampler(Builder.java:213)
	at cz.cuni.mff.spl.deploy.build.Builder.call(Builder.java:318)
	at cz.cuni.mff.spl.Run.build(Run.java:477)
	at cz.cuni.mff.spl.Run.run(Run.java:371)
	at cz.cuni.mff.spl.Main.main(Main.java:137)

14:09:30,295 INFO Build - [2/2].
14:09:30,301 INFO cz.cuni.mff.spl.Run - Scanned project and builded code.
14:09:30,301 INFO cz.cuni.mff.spl.Run - Nothing to measure, skipping measurement.
14:09:30,302 INFO cz.cuni.mff.spl.Run - Processing evaluation (generating graphs takes a lot of time) ... 
14:09:30,306 INFO cz.cuni.mff.spl.Run - Evaluation output directory is [run-evaluate-12]
14:09:30,438 INFO cz.cuni.mff.spl.evaluator.output.impl.EvaluationProgressMonitor - Evaluator output initialized.
14:09:30,443 DEBUG cz.cuni.mff.spl.evaluator.input.StoreMeasurementDataProvider - Unable to load data for measurement sample [#b3925c7f|local|THIS@/Users/lottiecarruthers/Documents/Masters/Project/HelloWorldSPL/output/.spl/temporary/build-0/sourceCode/revision-0-20160701140928:main.HelloWorld#hello5()[THIS@/Users/lottiecarruthers/Documents/Masters/Project/HelloWorldSPL/output/.spl/temporary/build-0/sourceCode/revision-0-20160701140928:main.StringGenerator#generate()](10)]
14:09:30,444 DEBUG cz.cuni.mff.spl.evaluator.input.StoreMeasurementDataProvider - Unable to load data for measurement sample [#7eac213e|local|THIS@/Users/lottiecarruthers/Documents/Masters/Project/HelloWorldSPL/output/.spl/temporary/build-0/sourceCode/revision-0-20160701140928:main.HelloWorld#hello4()[THIS@/Users/lottiecarruthers/Documents/Masters/Project/HelloWorldSPL/output/.spl/temporary/build-0/sourceCode/revision-0-20160701140928:main.StringGenerator#generate()](10)]
14:09:30,458 ERROR cz.cuni.mff.spl.evaluator.output.impl.graphs.GraphEvaluatorOutput - Data not found, unable to generate graph (DensityComparison) for THIS@HEAD:HelloWorld#hello5() [THIS@HEAD:StringGenerator#generate()] (10), THIS@HEAD:HelloWorld#hello4() [THIS@HEAD:StringGenerator#generate()] (10).
cz.cuni.mff.spl.evaluator.input.MeasurementDataProvider$MeasurementDataNotFoundException
	at cz.cuni.mff.spl.evaluator.graphs.ProbabilityDensityGraphCreator.createDensityComparisonGraph(ProbabilityDensityGraphCreator.java:140)
	at cz.cuni.mff.spl.evaluator.graphs.GraphProvider.createChartFor(GraphProvider.java:72)
	at cz.cuni.mff.spl.evaluator.graphs.GraphProvider.createChartPNGFor(GraphProvider.java:102)
	at cz.cuni.mff.spl.evaluator.output.impl.graphs.GraphEvaluatorOutput.generateGraph(GraphEvaluatorOutput.java:174)
	at cz.cuni.mff.spl.evaluator.output.impl.graphs.GraphEvaluatorOutput.generateComparisonOutput(GraphEvaluatorOutput.java:199)
	at cz.cuni.mff.spl.evaluator.output.EvaluatorOutputAggregator.generateComparisonOutput(EvaluatorOutputAggregator.java:110)
	at cz.cuni.mff.spl.evaluator.EvaluatorImpl.evaluateComparison(EvaluatorImpl.java:213)
	at cz.cuni.mff.spl.evaluator.EvaluatorImpl.evaluateFormulaPart(EvaluatorImpl.java:147)
	at cz.cuni.mff.spl.evaluator.EvaluatorImpl.evaluateFormula(EvaluatorImpl.java:124)
	at cz.cuni.mff.spl.evaluator.EvaluatorImpl.evaluateAllFormulas(EvaluatorImpl.java:99)
	at cz.cuni.mff.spl.evaluator.Evaluator.evaluate(Evaluator.java:82)
	at cz.cuni.mff.spl.Run.evaluate(Run.java:719)
	at cz.cuni.mff.spl.Run.run(Run.java:380)
	at cz.cuni.mff.spl.Main.main(Main.java:137)

14:09:30,459 ERROR cz.cuni.mff.spl.evaluator.output.impl.graphs.GraphEvaluatorOutput - Data not found, unable to generate graph (Histogram) for THIS@HEAD:HelloWorld#hello5() [THIS@HEAD:StringGenerator#generate()] (10), THIS@HEAD:HelloWorld#hello4() [THIS@HEAD:StringGenerator#generate()] (10).
cz.cuni.mff.spl.evaluator.input.MeasurementDataProvider$MeasurementDataNotFoundException
	at cz.cuni.mff.spl.evaluator.graphs.HistogramCreator.createHistogram(HistogramCreator.java:262)
	at cz.cuni.mff.spl.evaluator.graphs.GraphProvider.createChartFor(GraphProvider.java:74)
	at cz.cuni.mff.spl.evaluator.graphs.GraphProvider.createChartPNGFor(GraphProvider.java:102)
	at cz.cuni.mff.spl.evaluator.output.impl.graphs.GraphEvaluatorOutput.generateGraph(GraphEvaluatorOutput.java:174)
	at cz.cuni.mff.spl.evaluator.output.impl.graphs.GraphEvaluatorOutput.generateComparisonOutput(GraphEvaluatorOutput.java:199)
	at cz.cuni.mff.spl.evaluator.output.EvaluatorOutputAggregator.generateComparisonOutput(EvaluatorOutputAggregator.java:110)
	at cz.cuni.mff.spl.evaluator.EvaluatorImpl.evaluateComparison(EvaluatorImpl.java:213)
	at cz.cuni.mff.spl.evaluator.EvaluatorImpl.evaluateFormulaPart(EvaluatorImpl.java:147)
	at cz.cuni.mff.spl.evaluator.EvaluatorImpl.evaluateFormula(EvaluatorImpl.java:124)
	at cz.cuni.mff.spl.evaluator.EvaluatorImpl.evaluateAllFormulas(EvaluatorImpl.java:99)
	at cz.cuni.mff.spl.evaluator.Evaluator.evaluate(Evaluator.java:82)
	at cz.cuni.mff.spl.Run.evaluate(Run.java:719)
	at cz.cuni.mff.spl.Run.run(Run.java:380)
	at cz.cuni.mff.spl.Main.main(Main.java:137)

14:09:30,464 INFO cz.cuni.mff.spl.evaluator.output.impl.EvaluationProgressMonitor - Processed annotation at location:	 public static void main.Measurement.main(java.lang.String[])
14:09:31,585 INFO cz.cuni.mff.spl.evaluator.output.impl.EvaluationProgressMonitor - Evaluator output closed.
14:09:31,585 INFO cz.cuni.mff.spl.Run - Evaluation took 1.282610862 s
14:09:31,586 INFO cz.cuni.mff.spl.Run - Evaluation finished.
