14:07:35,569 INFO cz.cuni.mff.spl.Run - Scanning project and building code ... 
14:07:35,591 INFO Build - Obtaining and scanning main revision of the main project.
14:07:36,191 DEBUG Build - Checked out revision [sourceRelative][this][] into [.spl/temporary/build-0/sourceCode/revision-0].
14:07:38,127 DEBUG Build - Executed build command [sh -c ant].
14:07:38,128 INFO Build - Project obtained.
14:07:38,136 DEBUG cz.cuni.mff.spl.scanner.Scanner - Start initialization
14:07:38,136 DEBUG cz.cuni.mff.spl.scanner.Scanner - Converting configuration file..
14:07:38,140 DEBUG cz.cuni.mff.spl.scanner.Scanner - Converting finished.
14:07:38,143 DEBUG cz.cuni.mff.spl.scanner.Scanner - Initialization completed.
14:07:38,143 DEBUG cz.cuni.mff.spl.scanner.Scanner - Scanning ..
14:07:38,144 DEBUG cz.cuni.mff.spl.scanner.Scanner - Scanning classes matching patterns :
14:07:38,144 DEBUG cz.cuni.mff.spl.scanner.Scanner -   main.**
14:07:38,221 DEBUG cz.cuni.mff.spl.scanner.Scanner - Scanning method 'main' of class 'main.Measurement'
14:07:38,237 DEBUG cz.cuni.mff.spl.scanner.Scanner - Scan complete.
14:07:38,237 INFO Build - Project scanned.
14:07:38,266 INFO Build - Obtaining code for resolving ids to check if to load or perform measurements [2].
14:07:38,267 INFO Build - Repositories to possibly access [2].
14:07:38,267 INFO Build - Revisions to possibly checkout [2].
14:07:38,270 INFO Build - [1/2] - Will measure.
14:07:38,271 INFO Build - [2/2] - Will measure.
14:07:38,272 INFO Build - Data will be loaded for measurements [0].
14:07:38,272 INFO Build - Skipping measurements due to missing code [0].
14:07:38,272 INFO Build - Creating samplers for measurements [2].
14:07:38,279 ERROR Build - Failed to create runtime for measurement [#7eac213e|local|THIS@/Users/lottiecarruthers/Documents/Masters/Project/HelloWorldSPL/output/.spl/temporary/build-0/sourceCode/revision-0-20160701140736:main.HelloWorld#hello4()[THIS@/Users/lottiecarruthers/Documents/Masters/Project/HelloWorldSPL/output/.spl/temporary/build-0/sourceCode/revision-0-20160701140736:main.StringGenerator#generate()](10)].
cz.cuni.mff.spl.deploy.build.exception.BuildException: Found no method to satisfy declaration: [THIS@HEAD:main.HelloWorld#hello4()]
	at cz.cuni.mff.spl.deploy.build.Assembler.selectMethodToCall(Assembler.java:316)
	at cz.cuni.mff.spl.deploy.build.Assembler.getKinds(Assembler.java:251)
	at cz.cuni.mff.spl.deploy.build.Assembler.call(Assembler.java:482)
	at cz.cuni.mff.spl.deploy.build.Builder.buildSampler(Builder.java:213)
	at cz.cuni.mff.spl.deploy.build.Builder.call(Builder.java:318)
	at cz.cuni.mff.spl.Run.build(Run.java:477)
	at cz.cuni.mff.spl.Run.run(Run.java:371)
	at cz.cuni.mff.spl.Main.main(Main.java:137)

14:07:38,281 INFO Build - [1/2].
14:07:38,285 ERROR Build - Failed to create runtime for measurement [#b3925c7f|local|THIS@/Users/lottiecarruthers/Documents/Masters/Project/HelloWorldSPL/output/.spl/temporary/build-0/sourceCode/revision-0-20160701140736:main.HelloWorld#hello5()[THIS@/Users/lottiecarruthers/Documents/Masters/Project/HelloWorldSPL/output/.spl/temporary/build-0/sourceCode/revision-0-20160701140736:main.StringGenerator#generate()](10)].
cz.cuni.mff.spl.deploy.build.exception.BuildException: Found no method to satisfy declaration: [THIS@HEAD:main.HelloWorld#hello5()]
	at cz.cuni.mff.spl.deploy.build.Assembler.selectMethodToCall(Assembler.java:316)
	at cz.cuni.mff.spl.deploy.build.Assembler.getKinds(Assembler.java:251)
	at cz.cuni.mff.spl.deploy.build.Assembler.call(Assembler.java:482)
	at cz.cuni.mff.spl.deploy.build.Builder.buildSampler(Builder.java:213)
	at cz.cuni.mff.spl.deploy.build.Builder.call(Builder.java:318)
	at cz.cuni.mff.spl.Run.build(Run.java:477)
	at cz.cuni.mff.spl.Run.run(Run.java:371)
	at cz.cuni.mff.spl.Main.main(Main.java:137)

14:07:38,286 INFO Build - [2/2].
14:07:38,292 INFO cz.cuni.mff.spl.Run - Scanned project and builded code.
14:07:38,292 INFO cz.cuni.mff.spl.Run - Nothing to measure, skipping measurement.
14:07:38,293 INFO cz.cuni.mff.spl.Run - Processing evaluation (generating graphs takes a lot of time) ... 
14:07:38,298 INFO cz.cuni.mff.spl.Run - Evaluation output directory is [run-evaluate-11]
14:07:38,433 INFO cz.cuni.mff.spl.evaluator.output.impl.EvaluationProgressMonitor - Evaluator output initialized.
14:07:38,438 DEBUG cz.cuni.mff.spl.evaluator.input.StoreMeasurementDataProvider - Unable to load data for measurement sample [#b3925c7f|local|THIS@/Users/lottiecarruthers/Documents/Masters/Project/HelloWorldSPL/output/.spl/temporary/build-0/sourceCode/revision-0-20160701140736:main.HelloWorld#hello5()[THIS@/Users/lottiecarruthers/Documents/Masters/Project/HelloWorldSPL/output/.spl/temporary/build-0/sourceCode/revision-0-20160701140736:main.StringGenerator#generate()](10)]
14:07:38,440 DEBUG cz.cuni.mff.spl.evaluator.input.StoreMeasurementDataProvider - Unable to load data for measurement sample [#7eac213e|local|THIS@/Users/lottiecarruthers/Documents/Masters/Project/HelloWorldSPL/output/.spl/temporary/build-0/sourceCode/revision-0-20160701140736:main.HelloWorld#hello4()[THIS@/Users/lottiecarruthers/Documents/Masters/Project/HelloWorldSPL/output/.spl/temporary/build-0/sourceCode/revision-0-20160701140736:main.StringGenerator#generate()](10)]
14:07:38,464 ERROR cz.cuni.mff.spl.evaluator.output.impl.graphs.GraphEvaluatorOutput - Data not found, unable to generate graph (DensityComparison) for THIS@HEAD:HelloWorld#hello5() [THIS@HEAD:StringGenerator#generate()] (10), THIS@HEAD:HelloWorld#hello4() [THIS@HEAD:StringGenerator#generate()] (10).
cz.cuni.mff.spl.evaluator.input.MeasurementDataProvider$MeasurementDataNotFoundException
	at cz.cuni.mff.spl.evaluator.graphs.ProbabilityDensityGraphCreator.createDensityComparisonGraph(ProbabilityDensityGraphCreator.java:140)
	at cz.cuni.mff.spl.evaluator.graphs.GraphProvider.createChartFor(GraphProvider.java:72)
	at cz.cuni.mff.spl.evaluator.graphs.GraphProvider.createChartPNGFor(GraphProvider.java:102)
	at cz.cuni.mff.spl.evaluator.output.impl.graphs.GraphEvaluatorOutput.generateGraph(GraphEvaluatorOutput.java:174)
	at cz.cuni.mff.spl.evaluator.output.impl.graphs.GraphEvaluatorOutput.generateComparisonOutput(GraphEvaluatorOutput.java:199)
	at cz.cuni.mff.spl.evaluator.output.EvaluatorOutputAggregator.generateComparisonOutput(EvaluatorOutputAggregator.java:110)
	at cz.cuni.mff.spl.evaluator.EvaluatorImpl.evaluateComparison(EvaluatorImpl.java:213)
	at cz.cuni.mff.spl.evaluator.EvaluatorImpl.evaluateFormulaPart(EvaluatorImpl.java:147)
	at cz.cuni.mff.spl.evaluator.EvaluatorImpl.evaluateFormula(EvaluatorImpl.java:124)
	at cz.cuni.mff.spl.evaluator.EvaluatorImpl.evaluateAllFormulas(EvaluatorImpl.java:99)
	at cz.cuni.mff.spl.evaluator.Evaluator.evaluate(Evaluator.java:82)
	at cz.cuni.mff.spl.Run.evaluate(Run.java:719)
	at cz.cuni.mff.spl.Run.run(Run.java:380)
	at cz.cuni.mff.spl.Main.main(Main.java:137)

14:07:38,466 ERROR cz.cuni.mff.spl.evaluator.output.impl.graphs.GraphEvaluatorOutput - Data not found, unable to generate graph (Histogram) for THIS@HEAD:HelloWorld#hello5() [THIS@HEAD:StringGenerator#generate()] (10), THIS@HEAD:HelloWorld#hello4() [THIS@HEAD:StringGenerator#generate()] (10).
cz.cuni.mff.spl.evaluator.input.MeasurementDataProvider$MeasurementDataNotFoundException
	at cz.cuni.mff.spl.evaluator.graphs.HistogramCreator.createHistogram(HistogramCreator.java:262)
	at cz.cuni.mff.spl.evaluator.graphs.GraphProvider.createChartFor(GraphProvider.java:74)
	at cz.cuni.mff.spl.evaluator.graphs.GraphProvider.createChartPNGFor(GraphProvider.java:102)
	at cz.cuni.mff.spl.evaluator.output.impl.graphs.GraphEvaluatorOutput.generateGraph(GraphEvaluatorOutput.java:174)
	at cz.cuni.mff.spl.evaluator.output.impl.graphs.GraphEvaluatorOutput.generateComparisonOutput(GraphEvaluatorOutput.java:199)
	at cz.cuni.mff.spl.evaluator.output.EvaluatorOutputAggregator.generateComparisonOutput(EvaluatorOutputAggregator.java:110)
	at cz.cuni.mff.spl.evaluator.EvaluatorImpl.evaluateComparison(EvaluatorImpl.java:213)
	at cz.cuni.mff.spl.evaluator.EvaluatorImpl.evaluateFormulaPart(EvaluatorImpl.java:147)
	at cz.cuni.mff.spl.evaluator.EvaluatorImpl.evaluateFormula(EvaluatorImpl.java:124)
	at cz.cuni.mff.spl.evaluator.EvaluatorImpl.evaluateAllFormulas(EvaluatorImpl.java:99)
	at cz.cuni.mff.spl.evaluator.Evaluator.evaluate(Evaluator.java:82)
	at cz.cuni.mff.spl.Run.evaluate(Run.java:719)
	at cz.cuni.mff.spl.Run.run(Run.java:380)
	at cz.cuni.mff.spl.Main.main(Main.java:137)

14:07:38,475 INFO cz.cuni.mff.spl.evaluator.output.impl.EvaluationProgressMonitor - Processed annotation at location:	 public static void main.Measurement.main(java.lang.String[])
14:07:39,741 INFO cz.cuni.mff.spl.evaluator.output.impl.EvaluationProgressMonitor - Evaluator output closed.
14:07:39,742 INFO cz.cuni.mff.spl.Run - Evaluation took 1.447851805 s
14:07:39,742 INFO cz.cuni.mff.spl.Run - Evaluation finished.
