13:23:16,426 INFO cz.cuni.mff.spl.Run - Scanning project and building code ... 
13:23:16,725 INFO Build - Obtaining and scanning main revision of the main project.
13:23:18,048 DEBUG Build - Checked out revision [sourceRelative][this][] into [.spl/temporary/build-0/sourceCode/revision-0].
13:23:21,532 DEBUG Build - Executed build command [sh -c ant].
13:23:21,533 INFO Build - Project obtained.
13:23:21,545 DEBUG cz.cuni.mff.spl.scanner.Scanner - Start initialization
13:23:21,545 DEBUG cz.cuni.mff.spl.scanner.Scanner - Converting configuration file..
13:23:21,552 DEBUG cz.cuni.mff.spl.scanner.Scanner - Converting finished.
13:23:21,553 DEBUG cz.cuni.mff.spl.scanner.Scanner - Initialization completed.
13:23:21,553 DEBUG cz.cuni.mff.spl.scanner.Scanner - Scanning ..
13:23:21,553 DEBUG cz.cuni.mff.spl.scanner.Scanner - Scanning classes matching patterns :
13:23:21,554 DEBUG cz.cuni.mff.spl.scanner.Scanner -   main.**
13:23:21,652 DEBUG cz.cuni.mff.spl.scanner.Scanner - Scanning method 'main' of class 'main.Measurement'
13:23:21,667 DEBUG cz.cuni.mff.spl.scanner.Scanner - Scan complete.
13:23:21,667 INFO Build - Project scanned.
13:23:21,747 INFO Build - Obtaining code for resolving ids to check if to load or perform measurements [2].
13:23:21,747 INFO Build - Repositories to possibly access [2].
13:23:21,748 INFO Build - Revisions to possibly checkout [2].
13:23:21,751 INFO Build - [1/2] - Will measure.
13:23:21,753 INFO Build - [2/2] - Will measure.
13:23:21,753 INFO Build - Data will be loaded for measurements [0].
13:23:21,753 INFO Build - Skipping measurements due to missing code [0].
13:23:21,754 INFO Build - Creating samplers for measurements [2].
13:23:21,758 ERROR cz.cuni.mff.spl.deploy.build.Assembler - Could not load generator class THIS@HEAD:main.StringGenerator (using file:/Users/lottiecarruthers/Documents/Masters/Project/HelloWorldSPL/output/.spl/temporary/build-0/sourceCode/revision-0/build/).
13:23:21,760 ERROR Build - Failed to create runtime for measurement [#435b1b51|local|THIS@/Users/lottiecarruthers/Documents/Masters/Project/HelloWorldSPL/output/.spl/temporary/build-0/sourceCode/revision-0-20160701132318:main.HelloWorld#hello4(String)[THIS@/Users/lottiecarruthers/Documents/Masters/Project/HelloWorldSPL/output/.spl/temporary/build-0/sourceCode/revision-0-20160701132318:main.StringGenerator](2, 2)].
cz.cuni.mff.spl.deploy.build.exception.BuildException: Could not load generator class with custom URLClassLoader: THIS@HEAD:main.StringGenerator
	at cz.cuni.mff.spl.deploy.build.Assembler.getClasses(Assembler.java:206)
	at cz.cuni.mff.spl.deploy.build.Assembler.call(Assembler.java:481)
	at cz.cuni.mff.spl.deploy.build.Builder.buildSampler(Builder.java:213)
	at cz.cuni.mff.spl.deploy.build.Builder.call(Builder.java:318)
	at cz.cuni.mff.spl.Run.build(Run.java:477)
	at cz.cuni.mff.spl.Run.run(Run.java:371)
	at cz.cuni.mff.spl.Main.main(Main.java:137)
Caused by: java.lang.ClassNotFoundException: main.StringGenerator
	at java.net.URLClassLoader.findClass(URLClassLoader.java:381)
	at java.lang.ClassLoader.loadClass(ClassLoader.java:424)
	at java.lang.ClassLoader.loadClass(ClassLoader.java:357)
	at cz.cuni.mff.spl.deploy.build.Assembler.getClasses(Assembler.java:201)
	... 6 more

13:23:21,761 INFO Build - [1/2].
13:23:21,763 ERROR cz.cuni.mff.spl.deploy.build.Assembler - Could not load generator class THIS@HEAD:main.StringGenerator (using file:/Users/lottiecarruthers/Documents/Masters/Project/HelloWorldSPL/output/.spl/temporary/build-0/sourceCode/revision-0/build/).
13:23:21,764 ERROR Build - Failed to create runtime for measurement [#820caab2|local|THIS@/Users/lottiecarruthers/Documents/Masters/Project/HelloWorldSPL/output/.spl/temporary/build-0/sourceCode/revision-0-20160701132318:main.HelloWorld#Hello5(String)[THIS@/Users/lottiecarruthers/Documents/Masters/Project/HelloWorldSPL/output/.spl/temporary/build-0/sourceCode/revision-0-20160701132318:main.StringGenerator](2, 2)].
cz.cuni.mff.spl.deploy.build.exception.BuildException: Could not load generator class with custom URLClassLoader: THIS@HEAD:main.StringGenerator
	at cz.cuni.mff.spl.deploy.build.Assembler.getClasses(Assembler.java:206)
	at cz.cuni.mff.spl.deploy.build.Assembler.call(Assembler.java:481)
	at cz.cuni.mff.spl.deploy.build.Builder.buildSampler(Builder.java:213)
	at cz.cuni.mff.spl.deploy.build.Builder.call(Builder.java:318)
	at cz.cuni.mff.spl.Run.build(Run.java:477)
	at cz.cuni.mff.spl.Run.run(Run.java:371)
	at cz.cuni.mff.spl.Main.main(Main.java:137)
Caused by: java.lang.ClassNotFoundException: main.StringGenerator
	at java.net.URLClassLoader.findClass(URLClassLoader.java:381)
	at java.lang.ClassLoader.loadClass(ClassLoader.java:424)
	at java.lang.ClassLoader.loadClass(ClassLoader.java:357)
	at cz.cuni.mff.spl.deploy.build.Assembler.getClasses(Assembler.java:201)
	... 6 more

13:23:21,765 INFO Build - [2/2].
13:23:21,770 INFO cz.cuni.mff.spl.Run - Scanned project and builded code.
13:23:21,771 INFO cz.cuni.mff.spl.Run - Nothing to measure, skipping measurement.
13:23:21,772 INFO cz.cuni.mff.spl.Run - Processing evaluation (generating graphs takes a lot of time) ... 
13:23:21,778 INFO cz.cuni.mff.spl.Run - Evaluation output directory is [run-evaluate-5]
13:23:22,188 INFO cz.cuni.mff.spl.evaluator.output.impl.EvaluationProgressMonitor - Evaluator output initialized.
13:23:22,211 DEBUG cz.cuni.mff.spl.evaluator.input.StoreMeasurementDataProvider - Unable to load data for measurement sample [#820caab2|local|THIS@/Users/lottiecarruthers/Documents/Masters/Project/HelloWorldSPL/output/.spl/temporary/build-0/sourceCode/revision-0-20160701132318:main.HelloWorld#Hello5(String)[THIS@/Users/lottiecarruthers/Documents/Masters/Project/HelloWorldSPL/output/.spl/temporary/build-0/sourceCode/revision-0-20160701132318:main.StringGenerator](2, 2)]
13:23:22,214 DEBUG cz.cuni.mff.spl.evaluator.input.StoreMeasurementDataProvider - Unable to load data for measurement sample [#435b1b51|local|THIS@/Users/lottiecarruthers/Documents/Masters/Project/HelloWorldSPL/output/.spl/temporary/build-0/sourceCode/revision-0-20160701132318:main.HelloWorld#hello4(String)[THIS@/Users/lottiecarruthers/Documents/Masters/Project/HelloWorldSPL/output/.spl/temporary/build-0/sourceCode/revision-0-20160701132318:main.StringGenerator](2, 2)]
13:23:22,280 ERROR cz.cuni.mff.spl.evaluator.output.impl.graphs.GraphEvaluatorOutput - Data not found, unable to generate graph (DensityComparison) for THIS@HEAD:HelloWorld#Hello5(String) [THIS@HEAD:StringGenerator] (2, 2), THIS@HEAD:HelloWorld#hello4(String) [THIS@HEAD:StringGenerator] (2, 2).
cz.cuni.mff.spl.evaluator.input.MeasurementDataProvider$MeasurementDataNotFoundException
	at cz.cuni.mff.spl.evaluator.graphs.ProbabilityDensityGraphCreator.createDensityComparisonGraph(ProbabilityDensityGraphCreator.java:140)
	at cz.cuni.mff.spl.evaluator.graphs.GraphProvider.createChartFor(GraphProvider.java:72)
	at cz.cuni.mff.spl.evaluator.graphs.GraphProvider.createChartPNGFor(GraphProvider.java:102)
	at cz.cuni.mff.spl.evaluator.output.impl.graphs.GraphEvaluatorOutput.generateGraph(GraphEvaluatorOutput.java:174)
	at cz.cuni.mff.spl.evaluator.output.impl.graphs.GraphEvaluatorOutput.generateComparisonOutput(GraphEvaluatorOutput.java:199)
	at cz.cuni.mff.spl.evaluator.output.EvaluatorOutputAggregator.generateComparisonOutput(EvaluatorOutputAggregator.java:110)
	at cz.cuni.mff.spl.evaluator.EvaluatorImpl.evaluateComparison(EvaluatorImpl.java:213)
	at cz.cuni.mff.spl.evaluator.EvaluatorImpl.evaluateFormulaPart(EvaluatorImpl.java:147)
	at cz.cuni.mff.spl.evaluator.EvaluatorImpl.evaluateFormula(EvaluatorImpl.java:124)
	at cz.cuni.mff.spl.evaluator.EvaluatorImpl.evaluateAllFormulas(EvaluatorImpl.java:99)
	at cz.cuni.mff.spl.evaluator.Evaluator.evaluate(Evaluator.java:82)
	at cz.cuni.mff.spl.Run.evaluate(Run.java:719)
	at cz.cuni.mff.spl.Run.run(Run.java:380)
	at cz.cuni.mff.spl.Main.main(Main.java:137)

13:23:22,283 ERROR cz.cuni.mff.spl.evaluator.output.impl.graphs.GraphEvaluatorOutput - Data not found, unable to generate graph (Histogram) for THIS@HEAD:HelloWorld#Hello5(String) [THIS@HEAD:StringGenerator] (2, 2), THIS@HEAD:HelloWorld#hello4(String) [THIS@HEAD:StringGenerator] (2, 2).
cz.cuni.mff.spl.evaluator.input.MeasurementDataProvider$MeasurementDataNotFoundException
	at cz.cuni.mff.spl.evaluator.graphs.HistogramCreator.createHistogram(HistogramCreator.java:262)
	at cz.cuni.mff.spl.evaluator.graphs.GraphProvider.createChartFor(GraphProvider.java:74)
	at cz.cuni.mff.spl.evaluator.graphs.GraphProvider.createChartPNGFor(GraphProvider.java:102)
	at cz.cuni.mff.spl.evaluator.output.impl.graphs.GraphEvaluatorOutput.generateGraph(GraphEvaluatorOutput.java:174)
	at cz.cuni.mff.spl.evaluator.output.impl.graphs.GraphEvaluatorOutput.generateComparisonOutput(GraphEvaluatorOutput.java:199)
	at cz.cuni.mff.spl.evaluator.output.EvaluatorOutputAggregator.generateComparisonOutput(EvaluatorOutputAggregator.java:110)
	at cz.cuni.mff.spl.evaluator.EvaluatorImpl.evaluateComparison(EvaluatorImpl.java:213)
	at cz.cuni.mff.spl.evaluator.EvaluatorImpl.evaluateFormulaPart(EvaluatorImpl.java:147)
	at cz.cuni.mff.spl.evaluator.EvaluatorImpl.evaluateFormula(EvaluatorImpl.java:124)
	at cz.cuni.mff.spl.evaluator.EvaluatorImpl.evaluateAllFormulas(EvaluatorImpl.java:99)
	at cz.cuni.mff.spl.evaluator.Evaluator.evaluate(Evaluator.java:82)
	at cz.cuni.mff.spl.Run.evaluate(Run.java:719)
	at cz.cuni.mff.spl.Run.run(Run.java:380)
	at cz.cuni.mff.spl.Main.main(Main.java:137)

13:23:22,289 INFO cz.cuni.mff.spl.evaluator.output.impl.EvaluationProgressMonitor - Processed annotation at location:	 public static void main.Measurement.main(java.lang.String[])
13:23:24,955 INFO cz.cuni.mff.spl.evaluator.output.impl.EvaluationProgressMonitor - Evaluator output closed.
13:23:24,956 INFO cz.cuni.mff.spl.Run - Evaluation took 3.183586995 s
13:23:24,956 INFO cz.cuni.mff.spl.Run - Evaluation finished.
